2023-10-26 11:02:36,220 INFO o.a.j.u.JMeterUtils: Setting Locale to en_US
2023-10-26 11:02:36,275 INFO o.a.j.JMeter: Loading user properties from: user.properties
2023-10-26 11:02:36,290 INFO o.a.j.JMeter: Loading system properties from: system.properties
2023-10-26 11:02:36,302 INFO o.a.j.JMeter: Copyright (c) 1998-2023 The Apache Software Foundation
2023-10-26 11:02:36,303 INFO o.a.j.JMeter: Version 5.6.2
2023-10-26 11:02:36,303 INFO o.a.j.JMeter: java.version=11.0.16.1
2023-10-26 11:02:36,303 INFO o.a.j.JMeter: java.vm.name=OpenJDK 64-Bit Server VM
2023-10-26 11:02:36,303 INFO o.a.j.JMeter: os.name=Windows 10
2023-10-26 11:02:36,303 INFO o.a.j.JMeter: os.arch=amd64
2023-10-26 11:02:36,303 INFO o.a.j.JMeter: os.version=10.0
2023-10-26 11:02:36,303 INFO o.a.j.JMeter: file.encoding=Cp1252
2023-10-26 11:02:36,303 INFO o.a.j.JMeter: java.awt.headless=null
2023-10-26 11:02:36,303 INFO o.a.j.JMeter: Max memory     =2118123520
2023-10-26 11:02:36,303 INFO o.a.j.JMeter: Available Processors =4
2023-10-26 11:02:36,318 INFO o.a.j.JMeter: Default Locale=English (United States)
2023-10-26 11:02:36,318 INFO o.a.j.JMeter: JMeter  Locale=English (United States)
2023-10-26 11:02:36,318 INFO o.a.j.JMeter: JMeterHome=C:\apache-jmeter-5.6.2
2023-10-26 11:02:36,318 INFO o.a.j.JMeter: user.dir  =C:\apache-jmeter-5.6.2\bin
2023-10-26 11:02:36,319 INFO o.a.j.JMeter: PWD       =C:\apache-jmeter-5.6.2\bin
2023-10-26 11:02:36,320 INFO o.a.j.JMeter: IP: 172.17.208.1 Name: DESKTOP-GARLJAI FullName: DESKTOP-GARLJAI.mshome.net
2023-10-26 11:02:36,349 INFO o.a.j.JMeter: Loaded icon properties from org/apache/jmeter/images/icon.properties
2023-10-26 11:02:36,841 INFO o.a.j.JMeterGuiLauncher: Setting LAF to: com.github.weisj.darklaf.DarkLaf:com.github.weisj.darklaf.theme.DarculaTheme
2023-10-26 11:03:10,800 INFO o.a.j.p.h.s.HTTPSamplerBase: Parser for text/html is org.apache.jmeter.protocol.http.parser.LagartoBasedHtmlParser
2023-10-26 11:03:10,801 INFO o.a.j.p.h.s.HTTPSamplerBase: Parser for application/xhtml+xml is org.apache.jmeter.protocol.http.parser.LagartoBasedHtmlParser
2023-10-26 11:03:10,801 INFO o.a.j.p.h.s.HTTPSamplerBase: Parser for application/xml is org.apache.jmeter.protocol.http.parser.LagartoBasedHtmlParser
2023-10-26 11:03:10,801 INFO o.a.j.p.h.s.HTTPSamplerBase: Parser for text/xml is org.apache.jmeter.protocol.http.parser.LagartoBasedHtmlParser
2023-10-26 11:03:10,801 INFO o.a.j.p.h.s.HTTPSamplerBase: Parser for text/vnd.wap.wml is org.apache.jmeter.protocol.http.parser.RegexpHTMLParser
2023-10-26 11:03:10,801 INFO o.a.j.p.h.s.HTTPSamplerBase: Parser for text/css is org.apache.jmeter.protocol.http.parser.CssParser
2023-10-26 11:04:16,276 INFO o.a.j.s.SampleResult: Note: Sample TimeStamps are START times
2023-10-26 11:04:16,277 INFO o.a.j.s.SampleResult: sampleresult.default.encoding is set to UTF-8
2023-10-26 11:04:16,277 INFO o.a.j.s.SampleResult: sampleresult.useNanoTime=true
2023-10-26 11:04:16,277 INFO o.a.j.s.SampleResult: sampleresult.nanoThreadSleep=5000
2023-10-26 11:04:26,133 INFO o.a.j.e.StandardJMeterEngine: Running the test!
2023-10-26 11:04:26,135 INFO o.a.j.s.SampleEvent: List of sample_variables: []
2023-10-26 11:04:26,136 INFO o.a.j.s.SampleEvent: List of sample_variables: []
2023-10-26 11:04:26,138 INFO o.a.j.e.u.CompoundVariable: Note: Function class names must contain the string: '.functions.'
2023-10-26 11:04:26,139 INFO o.a.j.e.u.CompoundVariable: Note: Function class names must not contain the string: '.gui.'
2023-10-26 11:04:26,710 INFO o.a.j.g.u.JMeterMenuBar: setRunning(true, *local*)
2023-10-26 11:04:26,767 INFO o.a.j.e.StandardJMeterEngine: Starting ThreadGroup: 1 : Thread Group
2023-10-26 11:04:26,767 INFO o.a.j.e.StandardJMeterEngine: Starting 10 threads for group Thread Group.
2023-10-26 11:04:26,767 INFO o.a.j.e.StandardJMeterEngine: Thread will continue on error
2023-10-26 11:04:26,767 INFO o.a.j.t.ThreadGroup: Starting thread group... number=1 threads=10 ramp-up=1 delayedStart=false
2023-10-26 11:04:26,779 INFO o.a.j.t.JMeterThread: Thread started: Thread Group 1-1
2023-10-26 11:04:26,780 INFO o.a.j.t.ThreadGroup: Started thread group number 1
2023-10-26 11:04:26,781 INFO o.a.j.e.StandardJMeterEngine: All thread groups have been started
2023-10-26 11:04:26,809 INFO o.a.j.p.h.s.HTTPHCAbstractImpl: Local host = DESKTOP-GARLJAI
2023-10-26 11:04:26,822 INFO o.a.j.p.h.s.HTTPHC4Impl: HTTP request retry count = 0
2023-10-26 11:04:26,882 INFO o.a.j.t.JMeterThread: Thread started: Thread Group 1-2
2023-10-26 11:04:26,981 INFO o.a.j.t.JMeterThread: Thread started: Thread Group 1-3
2023-10-26 11:04:27,080 INFO o.a.j.t.JMeterThread: Thread started: Thread Group 1-4
2023-10-26 11:04:27,159 INFO o.a.j.p.h.s.h.LazyLayeredConnectionSocketFactory: Setting up HTTPS TrustAll Socket Factory
2023-10-26 11:04:27,165 INFO o.a.j.u.JsseSSLManager: Using default SSL protocol: TLS
2023-10-26 11:04:27,165 INFO o.a.j.u.JsseSSLManager: SSL session context: per-thread
2023-10-26 11:04:27,179 INFO o.a.j.t.JMeterThread: Thread started: Thread Group 1-5
2023-10-26 11:04:27,278 INFO o.a.j.t.JMeterThread: Thread started: Thread Group 1-6
2023-10-26 11:04:27,378 INFO o.a.j.t.JMeterThread: Thread started: Thread Group 1-7
2023-10-26 11:04:27,387 INFO o.a.j.u.SSLManager: JmeterKeyStore Location:  type JKS
2023-10-26 11:04:27,396 INFO o.a.j.u.SSLManager: KeyStore created OK
2023-10-26 11:04:27,397 WARN o.a.j.u.SSLManager: Keystore file not found, loading empty keystore
2023-10-26 11:04:27,479 INFO o.a.j.t.JMeterThread: Thread started: Thread Group 1-8
2023-10-26 11:04:27,578 INFO o.a.j.t.JMeterThread: Thread started: Thread Group 1-9
2023-10-26 11:04:27,676 INFO o.a.j.t.JMeterThread: Thread started: Thread Group 1-10
2023-10-26 11:04:28,776 INFO o.a.j.t.JMeterThread: Thread is done: Thread Group 1-9
2023-10-26 11:04:28,776 INFO o.a.j.t.JMeterThread: Thread finished: Thread Group 1-9
2023-10-26 11:04:28,776 INFO o.a.j.t.JMeterThread: Thread is done: Thread Group 1-3
2023-10-26 11:04:28,776 INFO o.a.j.t.JMeterThread: Thread is done: Thread Group 1-4
2023-10-26 11:04:28,777 INFO o.a.j.t.JMeterThread: Thread finished: Thread Group 1-4
2023-10-26 11:04:28,776 INFO o.a.j.t.JMeterThread: Thread is done: Thread Group 1-2
2023-10-26 11:04:28,777 INFO o.a.j.t.JMeterThread: Thread is done: Thread Group 1-7
2023-10-26 11:04:28,777 INFO o.a.j.t.JMeterThread: Thread is done: Thread Group 1-6
2023-10-26 11:04:28,777 INFO o.a.j.t.JMeterThread: Thread finished: Thread Group 1-2
2023-10-26 11:04:28,777 INFO o.a.j.t.JMeterThread: Thread is done: Thread Group 1-8
2023-10-26 11:04:28,777 INFO o.a.j.t.JMeterThread: Thread finished: Thread Group 1-6
2023-10-26 11:04:28,777 INFO o.a.j.t.JMeterThread: Thread is done: Thread Group 1-5
2023-10-26 11:04:28,777 INFO o.a.j.t.JMeterThread: Thread finished: Thread Group 1-3
2023-10-26 11:04:28,778 INFO o.a.j.t.JMeterThread: Thread finished: Thread Group 1-8
2023-10-26 11:04:28,777 INFO o.a.j.t.JMeterThread: Thread finished: Thread Group 1-5
2023-10-26 11:04:28,778 INFO o.a.j.t.JMeterThread: Thread finished: Thread Group 1-7
2023-10-26 11:04:28,793 INFO o.a.j.t.JMeterThread: Thread is done: Thread Group 1-10
2023-10-26 11:04:28,793 INFO o.a.j.t.JMeterThread: Thread finished: Thread Group 1-10
2023-10-26 11:04:28,799 INFO o.a.j.t.JMeterThread: Thread is done: Thread Group 1-1
2023-10-26 11:04:28,799 INFO o.a.j.t.JMeterThread: Thread finished: Thread Group 1-1
2023-10-26 11:04:28,800 INFO o.a.j.e.StandardJMeterEngine: Notifying test listeners of end of test
2023-10-26 11:04:28,803 INFO o.a.j.s.FileServer: Default base='C:\apache-jmeter-5.6.2\bin'
2023-10-26 11:04:28,804 INFO o.a.j.g.u.JMeterMenuBar: setRunning(false, *local*)
2023-10-26 11:04:59,257 INFO o.a.j.e.StandardJMeterEngine: Running the test!
2023-10-26 11:04:59,258 INFO o.a.j.s.SampleEvent: List of sample_variables: []
2023-10-26 11:04:59,261 INFO o.a.j.g.u.JMeterMenuBar: setRunning(true, *local*)
2023-10-26 11:04:59,329 INFO o.a.j.e.StandardJMeterEngine: Starting ThreadGroup: 1 : Thread Group
2023-10-26 11:04:59,329 INFO o.a.j.e.StandardJMeterEngine: Starting 10 threads for group Thread Group.
2023-10-26 11:04:59,329 INFO o.a.j.e.StandardJMeterEngine: Thread will continue on error
2023-10-26 11:04:59,329 INFO o.a.j.t.ThreadGroup: Starting thread group... number=1 threads=10 ramp-up=1 delayedStart=false
2023-10-26 11:04:59,341 INFO o.a.j.t.ThreadGroup: Started thread group number 1
2023-10-26 11:04:59,341 INFO o.a.j.e.StandardJMeterEngine: All thread groups have been started
2023-10-26 11:04:59,342 INFO o.a.j.t.JMeterThread: Thread started: Thread Group 1-1
2023-10-26 11:04:59,344 INFO o.a.j.t.JMeterThread: Thread is done: Thread Group 1-1
2023-10-26 11:04:59,344 INFO o.a.j.t.JMeterThread: Thread finished: Thread Group 1-1
2023-10-26 11:04:59,442 INFO o.a.j.t.JMeterThread: Thread started: Thread Group 1-2
2023-10-26 11:04:59,443 INFO o.a.j.t.JMeterThread: Thread is done: Thread Group 1-2
2023-10-26 11:04:59,443 INFO o.a.j.t.JMeterThread: Thread finished: Thread Group 1-2
2023-10-26 11:04:59,541 INFO o.a.j.t.JMeterThread: Thread started: Thread Group 1-3
2023-10-26 11:04:59,542 INFO o.a.j.t.JMeterThread: Thread is done: Thread Group 1-3
2023-10-26 11:04:59,543 INFO o.a.j.t.JMeterThread: Thread finished: Thread Group 1-3
2023-10-26 11:04:59,640 INFO o.a.j.t.JMeterThread: Thread started: Thread Group 1-4
2023-10-26 11:04:59,641 INFO o.a.j.t.JMeterThread: Thread is done: Thread Group 1-4
2023-10-26 11:04:59,641 INFO o.a.j.t.JMeterThread: Thread finished: Thread Group 1-4
2023-10-26 11:04:59,737 INFO o.a.j.t.JMeterThread: Thread started: Thread Group 1-5
2023-10-26 11:04:59,738 INFO o.a.j.t.JMeterThread: Thread is done: Thread Group 1-5
2023-10-26 11:04:59,739 INFO o.a.j.t.JMeterThread: Thread finished: Thread Group 1-5
2023-10-26 11:04:59,840 INFO o.a.j.t.JMeterThread: Thread started: Thread Group 1-6
2023-10-26 11:04:59,841 INFO o.a.j.t.JMeterThread: Thread is done: Thread Group 1-6
2023-10-26 11:04:59,841 INFO o.a.j.t.JMeterThread: Thread finished: Thread Group 1-6
2023-10-26 11:04:59,936 INFO o.a.j.t.JMeterThread: Thread started: Thread Group 1-7
2023-10-26 11:04:59,937 INFO o.a.j.t.JMeterThread: Thread is done: Thread Group 1-7
2023-10-26 11:04:59,937 INFO o.a.j.t.JMeterThread: Thread finished: Thread Group 1-7
2023-10-26 11:05:00,035 INFO o.a.j.t.JMeterThread: Thread started: Thread Group 1-8
2023-10-26 11:05:00,036 INFO o.a.j.t.JMeterThread: Thread is done: Thread Group 1-8
2023-10-26 11:05:00,036 INFO o.a.j.t.JMeterThread: Thread finished: Thread Group 1-8
2023-10-26 11:05:00,137 INFO o.a.j.t.JMeterThread: Thread started: Thread Group 1-9
2023-10-26 11:05:00,138 INFO o.a.j.t.JMeterThread: Thread is done: Thread Group 1-9
2023-10-26 11:05:00,139 INFO o.a.j.t.JMeterThread: Thread finished: Thread Group 1-9
2023-10-26 11:05:00,234 INFO o.a.j.t.JMeterThread: Thread started: Thread Group 1-10
2023-10-26 11:05:00,235 INFO o.a.j.t.JMeterThread: Thread is done: Thread Group 1-10
2023-10-26 11:05:00,235 INFO o.a.j.t.JMeterThread: Thread finished: Thread Group 1-10
2023-10-26 11:05:00,236 INFO o.a.j.e.StandardJMeterEngine: Notifying test listeners of end of test
2023-10-26 11:05:00,236 INFO o.a.j.g.u.JMeterMenuBar: setRunning(false, *local*)
2023-10-26 11:05:34,959 INFO o.a.j.s.FileServer: Set new base='C:\apache-jmeter-5.6.2\bin'
2023-10-26 11:05:35,296 INFO o.a.j.s.SaveService: Testplan (JMX) version: 2.2. Testlog (JTL) version: 2.2
2023-10-26 11:05:35,325 INFO o.a.j.s.SaveService: Using SaveService properties version 5.0
2023-10-26 11:05:35,328 INFO o.a.j.s.SaveService: Using SaveService properties file encoding UTF-8
2023-10-26 11:05:35,386 INFO o.a.j.e.StandardJMeterEngine: Running the test!
2023-10-26 11:05:35,387 INFO o.a.j.s.SampleEvent: List of sample_variables: []
2023-10-26 11:05:35,389 INFO o.a.j.g.u.JMeterMenuBar: setRunning(true, *local*)
2023-10-26 11:05:35,459 INFO o.a.j.e.StandardJMeterEngine: Starting ThreadGroup: 1 : Thread Group
2023-10-26 11:05:35,459 INFO o.a.j.e.StandardJMeterEngine: Starting 10 threads for group Thread Group.
2023-10-26 11:05:35,459 INFO o.a.j.e.StandardJMeterEngine: Thread will continue on error
2023-10-26 11:05:35,460 INFO o.a.j.t.ThreadGroup: Starting thread group... number=1 threads=10 ramp-up=1 delayedStart=false
2023-10-26 11:05:35,476 INFO o.a.j.t.JMeterThread: Thread started: Thread Group 1-1
2023-10-26 11:05:35,477 INFO o.a.j.t.ThreadGroup: Started thread group number 1
2023-10-26 11:05:35,477 INFO o.a.j.e.StandardJMeterEngine: All thread groups have been started
2023-10-26 11:05:35,579 INFO o.a.j.t.JMeterThread: Thread started: Thread Group 1-2
2023-10-26 11:05:35,678 INFO o.a.j.t.JMeterThread: Thread started: Thread Group 1-3
2023-10-26 11:05:35,774 INFO o.a.j.t.JMeterThread: Thread started: Thread Group 1-4
2023-10-26 11:05:35,875 INFO o.a.j.t.JMeterThread: Thread started: Thread Group 1-5
2023-10-26 11:05:35,975 INFO o.a.j.t.JMeterThread: Thread started: Thread Group 1-6
2023-10-26 11:05:36,072 INFO o.a.j.t.JMeterThread: Thread started: Thread Group 1-7
2023-10-26 11:05:36,086 INFO o.a.j.t.JMeterThread: Thread is done: Thread Group 1-2
2023-10-26 11:05:36,086 INFO o.a.j.t.JMeterThread: Thread finished: Thread Group 1-2
2023-10-26 11:05:36,102 INFO o.a.j.t.JMeterThread: Thread is done: Thread Group 1-1
2023-10-26 11:05:36,102 INFO o.a.j.t.JMeterThread: Thread finished: Thread Group 1-1
2023-10-26 11:05:36,132 INFO o.a.j.t.JMeterThread: Thread is done: Thread Group 1-6
2023-10-26 11:05:36,132 INFO o.a.j.t.JMeterThread: Thread finished: Thread Group 1-6
2023-10-26 11:05:36,165 INFO o.a.j.t.JMeterThread: Thread started: Thread Group 1-8
2023-10-26 11:05:36,205 INFO o.a.j.t.JMeterThread: Thread is done: Thread Group 1-3
2023-10-26 11:05:36,205 INFO o.a.j.t.JMeterThread: Thread finished: Thread Group 1-3
2023-10-26 11:05:36,230 INFO o.a.j.t.JMeterThread: Thread is done: Thread Group 1-7
2023-10-26 11:05:36,230 INFO o.a.j.t.JMeterThread: Thread finished: Thread Group 1-7
2023-10-26 11:05:36,265 INFO o.a.j.t.JMeterThread: Thread started: Thread Group 1-9
2023-10-26 11:05:36,284 INFO o.a.j.t.JMeterThread: Thread is done: Thread Group 1-4
2023-10-26 11:05:36,285 INFO o.a.j.t.JMeterThread: Thread finished: Thread Group 1-4
2023-10-26 11:05:36,313 INFO o.a.j.t.JMeterThread: Thread is done: Thread Group 1-8
2023-10-26 11:05:36,314 INFO o.a.j.t.JMeterThread: Thread finished: Thread Group 1-8
2023-10-26 11:05:36,364 INFO o.a.j.t.JMeterThread: Thread is done: Thread Group 1-5
2023-10-26 11:05:36,365 INFO o.a.j.t.JMeterThread: Thread finished: Thread Group 1-5
2023-10-26 11:05:36,364 INFO o.a.j.t.JMeterThread: Thread started: Thread Group 1-10
2023-10-26 11:05:36,457 INFO o.a.j.t.JMeterThread: Thread is done: Thread Group 1-9
2023-10-26 11:05:36,457 INFO o.a.j.t.JMeterThread: Thread finished: Thread Group 1-9
2023-10-26 11:05:36,521 INFO o.a.j.t.JMeterThread: Thread is done: Thread Group 1-10
2023-10-26 11:05:36,521 INFO o.a.j.t.JMeterThread: Thread finished: Thread Group 1-10
2023-10-26 11:05:36,522 INFO o.a.j.e.StandardJMeterEngine: Notifying test listeners of end of test
2023-10-26 11:05:36,522 INFO o.a.j.g.u.JMeterMenuBar: setRunning(false, *local*)
2023-10-26 11:08:45,694 INFO o.a.j.e.StandardJMeterEngine: Running the test!
2023-10-26 11:08:45,695 INFO o.a.j.s.SampleEvent: List of sample_variables: []
2023-10-26 11:08:45,698 INFO o.a.j.g.u.JMeterMenuBar: setRunning(true, *local*)
2023-10-26 11:08:45,787 INFO o.a.j.e.StandardJMeterEngine: Starting ThreadGroup: 1 : Thread Group
2023-10-26 11:08:45,788 INFO o.a.j.e.StandardJMeterEngine: Starting 10 threads for group Thread Group.
2023-10-26 11:08:45,788 INFO o.a.j.e.StandardJMeterEngine: Thread will continue on error
2023-10-26 11:08:45,788 INFO o.a.j.t.ThreadGroup: Starting thread group... number=1 threads=10 ramp-up=1 delayedStart=false
2023-10-26 11:08:45,794 INFO o.a.j.t.ThreadGroup: Started thread group number 1
2023-10-26 11:08:45,794 INFO o.a.j.e.StandardJMeterEngine: All thread groups have been started
2023-10-26 11:08:45,796 INFO o.a.j.t.JMeterThread: Thread started: Thread Group 1-1
2023-10-26 11:08:45,899 INFO o.a.j.t.JMeterThread: Thread started: Thread Group 1-2
2023-10-26 11:08:45,982 INFO o.a.j.t.JMeterThread: Thread is done: Thread Group 1-1
2023-10-26 11:08:45,982 INFO o.a.j.t.JMeterThread: Thread finished: Thread Group 1-1
2023-10-26 11:08:45,999 INFO o.a.j.t.JMeterThread: Thread started: Thread Group 1-3
2023-10-26 11:08:46,067 INFO o.a.j.t.JMeterThread: Thread is done: Thread Group 1-2
2023-10-26 11:08:46,067 INFO o.a.j.t.JMeterThread: Thread finished: Thread Group 1-2
2023-10-26 11:08:46,099 INFO o.a.j.t.JMeterThread: Thread started: Thread Group 1-4
2023-10-26 11:08:46,144 INFO o.a.j.t.JMeterThread: Thread is done: Thread Group 1-3
2023-10-26 11:08:46,144 INFO o.a.j.t.JMeterThread: Thread finished: Thread Group 1-3
2023-10-26 11:08:46,198 INFO o.a.j.t.JMeterThread: Thread started: Thread Group 1-5
2023-10-26 11:08:46,263 INFO o.a.j.t.JMeterThread: Thread is done: Thread Group 1-4
2023-10-26 11:08:46,264 INFO o.a.j.t.JMeterThread: Thread finished: Thread Group 1-4
2023-10-26 11:08:46,298 INFO o.a.j.t.JMeterThread: Thread started: Thread Group 1-6
2023-10-26 11:08:46,353 INFO o.a.j.t.JMeterThread: Thread is done: Thread Group 1-5
2023-10-26 11:08:46,353 INFO o.a.j.t.JMeterThread: Thread finished: Thread Group 1-5
2023-10-26 11:08:46,396 INFO o.a.j.t.JMeterThread: Thread started: Thread Group 1-7
2023-10-26 11:08:46,437 INFO o.a.j.t.JMeterThread: Thread is done: Thread Group 1-6
2023-10-26 11:08:46,437 INFO o.a.j.t.JMeterThread: Thread finished: Thread Group 1-6
2023-10-26 11:08:46,496 INFO o.a.j.t.JMeterThread: Thread started: Thread Group 1-8
2023-10-26 11:08:46,595 INFO o.a.j.t.JMeterThread: Thread started: Thread Group 1-9
2023-10-26 11:08:46,694 INFO o.a.j.t.JMeterThread: Thread started: Thread Group 1-10
2023-10-26 11:08:46,737 INFO o.a.j.t.JMeterThread: Thread is done: Thread Group 1-9
2023-10-26 11:08:46,738 INFO o.a.j.t.JMeterThread: Thread finished: Thread Group 1-9
2023-10-26 11:08:46,842 INFO o.a.j.t.JMeterThread: Thread is done: Thread Group 1-10
2023-10-26 11:08:46,842 INFO o.a.j.t.JMeterThread: Thread finished: Thread Group 1-10
2023-10-26 11:08:46,982 INFO o.a.j.t.JMeterThread: Thread is done: Thread Group 1-8
2023-10-26 11:08:46,982 INFO o.a.j.t.JMeterThread: Thread finished: Thread Group 1-8
2023-10-26 11:08:46,998 INFO o.a.j.t.JMeterThread: Thread is done: Thread Group 1-7
2023-10-26 11:08:46,998 INFO o.a.j.t.JMeterThread: Thread finished: Thread Group 1-7
2023-10-26 11:08:46,999 INFO o.a.j.e.StandardJMeterEngine: Notifying test listeners of end of test
2023-10-26 11:08:47,000 INFO o.a.j.g.u.JMeterMenuBar: setRunning(false, *local*)
2023-10-26 11:09:38,615 INFO o.a.j.e.StandardJMeterEngine: Running the test!
2023-10-26 11:09:38,616 INFO o.a.j.s.SampleEvent: List of sample_variables: []
2023-10-26 11:09:38,617 INFO o.a.j.g.u.JMeterMenuBar: setRunning(true, *local*)
2023-10-26 11:09:38,682 INFO o.a.j.e.StandardJMeterEngine: Starting ThreadGroup: 1 : Thread Group
2023-10-26 11:09:38,682 INFO o.a.j.e.StandardJMeterEngine: Starting 10 threads for group Thread Group.
2023-10-26 11:09:38,683 INFO o.a.j.e.StandardJMeterEngine: Thread will continue on error
2023-10-26 11:09:38,683 INFO o.a.j.t.ThreadGroup: Starting thread group... number=1 threads=10 ramp-up=1 delayedStart=false
2023-10-26 11:09:38,686 INFO o.a.j.t.ThreadGroup: Started thread group number 1
2023-10-26 11:09:38,686 INFO o.a.j.e.StandardJMeterEngine: All thread groups have been started
2023-10-26 11:09:38,685 INFO o.a.j.t.JMeterThread: Thread started: Thread Group 1-1
2023-10-26 11:09:38,797 INFO o.a.j.t.JMeterThread: Thread started: Thread Group 1-2
2023-10-26 11:09:38,843 INFO o.a.j.t.JMeterThread: Thread is done: Thread Group 1-1
2023-10-26 11:09:38,844 INFO o.a.j.t.JMeterThread: Thread finished: Thread Group 1-1
2023-10-26 11:09:38,884 INFO o.a.j.t.JMeterThread: Thread started: Thread Group 1-3
2023-10-26 11:09:38,948 INFO o.a.j.t.JMeterThread: Thread is done: Thread Group 1-2
2023-10-26 11:09:38,948 INFO o.a.j.t.JMeterThread: Thread finished: Thread Group 1-2
2023-10-26 11:09:38,990 INFO o.a.j.t.JMeterThread: Thread started: Thread Group 1-4
2023-10-26 11:09:39,061 INFO o.a.j.t.JMeterThread: Thread is done: Thread Group 1-3
2023-10-26 11:09:39,062 INFO o.a.j.t.JMeterThread: Thread finished: Thread Group 1-3
2023-10-26 11:09:39,090 INFO o.a.j.t.JMeterThread: Thread started: Thread Group 1-5
2023-10-26 11:09:39,129 INFO o.a.j.t.JMeterThread: Thread is done: Thread Group 1-4
2023-10-26 11:09:39,129 INFO o.a.j.t.JMeterThread: Thread finished: Thread Group 1-4
2023-10-26 11:09:39,185 INFO o.a.j.t.JMeterThread: Thread started: Thread Group 1-6
2023-10-26 11:09:39,223 INFO o.a.j.t.JMeterThread: Thread is done: Thread Group 1-5
2023-10-26 11:09:39,223 INFO o.a.j.t.JMeterThread: Thread finished: Thread Group 1-5
2023-10-26 11:09:39,289 INFO o.a.j.t.JMeterThread: Thread started: Thread Group 1-7
2023-10-26 11:09:39,329 INFO o.a.j.t.JMeterThread: Thread is done: Thread Group 1-6
2023-10-26 11:09:39,329 INFO o.a.j.t.JMeterThread: Thread finished: Thread Group 1-6
2023-10-26 11:09:39,390 INFO o.a.j.t.JMeterThread: Thread started: Thread Group 1-8
2023-10-26 11:09:39,421 INFO o.a.j.t.JMeterThread: Thread is done: Thread Group 1-7
2023-10-26 11:09:39,422 INFO o.a.j.t.JMeterThread: Thread finished: Thread Group 1-7
2023-10-26 11:09:39,490 INFO o.a.j.t.JMeterThread: Thread started: Thread Group 1-9
2023-10-26 11:09:39,541 INFO o.a.j.t.JMeterThread: Thread is done: Thread Group 1-8
2023-10-26 11:09:39,541 INFO o.a.j.t.JMeterThread: Thread finished: Thread Group 1-8
2023-10-26 11:09:39,589 INFO o.a.j.t.JMeterThread: Thread started: Thread Group 1-10
2023-10-26 11:09:39,609 INFO o.a.j.t.JMeterThread: Thread is done: Thread Group 1-9
2023-10-26 11:09:39,609 INFO o.a.j.t.JMeterThread: Thread finished: Thread Group 1-9
2023-10-26 11:09:39,750 INFO o.a.j.t.JMeterThread: Thread is done: Thread Group 1-10
2023-10-26 11:09:39,750 INFO o.a.j.t.JMeterThread: Thread finished: Thread Group 1-10
2023-10-26 11:09:39,751 INFO o.a.j.e.StandardJMeterEngine: Notifying test listeners of end of test
2023-10-26 11:09:39,751 INFO o.a.j.g.u.JMeterMenuBar: setRunning(false, *local*)
2023-10-26 11:16:14,445 INFO o.a.j.e.StandardJMeterEngine: Running the test!
2023-10-26 11:16:14,446 INFO o.a.j.s.SampleEvent: List of sample_variables: []
2023-10-26 11:16:14,447 INFO o.a.j.g.u.JMeterMenuBar: setRunning(true, *local*)
2023-10-26 11:16:14,518 INFO o.a.j.e.StandardJMeterEngine: Starting ThreadGroup: 1 : Thread Group
2023-10-26 11:16:14,518 INFO o.a.j.e.StandardJMeterEngine: Starting 10 threads for group Thread Group.
2023-10-26 11:16:14,518 INFO o.a.j.e.StandardJMeterEngine: Thread will continue on error
2023-10-26 11:16:14,521 INFO o.a.j.t.ThreadGroup: Starting thread group... number=1 threads=10 ramp-up=1 delayedStart=false
2023-10-26 11:16:14,526 INFO o.a.j.t.JMeterThread: Thread started: Thread Group 1-1
2023-10-26 11:16:14,527 INFO o.a.j.t.ThreadGroup: Started thread group number 1
2023-10-26 11:16:14,527 INFO o.a.j.e.StandardJMeterEngine: All thread groups have been started
2023-10-26 11:16:14,625 INFO o.a.j.t.JMeterThread: Thread started: Thread Group 1-2
2023-10-26 11:16:14,727 INFO o.a.j.t.JMeterThread: Thread started: Thread Group 1-3
2023-10-26 11:16:14,825 INFO o.a.j.t.JMeterThread: Thread started: Thread Group 1-4
2023-10-26 11:16:14,926 INFO o.a.j.t.JMeterThread: Thread started: Thread Group 1-5
2023-10-26 11:16:15,022 INFO o.a.j.t.JMeterThread: Thread started: Thread Group 1-6
2023-10-26 11:16:15,125 INFO o.a.j.t.JMeterThread: Thread started: Thread Group 1-7
2023-10-26 11:16:15,159 INFO o.a.j.t.JMeterThread: Thread is done: Thread Group 1-1
2023-10-26 11:16:15,159 INFO o.a.j.t.JMeterThread: Thread finished: Thread Group 1-1
2023-10-26 11:16:15,205 INFO o.a.j.t.JMeterThread: Thread is done: Thread Group 1-2
2023-10-26 11:16:15,206 INFO o.a.j.t.JMeterThread: Thread finished: Thread Group 1-2
2023-10-26 11:16:15,223 INFO o.a.j.t.JMeterThread: Thread started: Thread Group 1-8
2023-10-26 11:16:15,274 INFO o.a.j.t.JMeterThread: Thread is done: Thread Group 1-3
2023-10-26 11:16:15,274 INFO o.a.j.t.JMeterThread: Thread finished: Thread Group 1-3
2023-10-26 11:16:15,322 INFO o.a.j.t.JMeterThread: Thread started: Thread Group 1-9
2023-10-26 11:16:15,363 INFO o.a.j.t.JMeterThread: Thread is done: Thread Group 1-4
2023-10-26 11:16:15,363 INFO o.a.j.t.JMeterThread: Thread finished: Thread Group 1-4
2023-10-26 11:16:15,423 INFO o.a.j.t.JMeterThread: Thread started: Thread Group 1-10
2023-10-26 11:16:15,503 INFO o.a.j.t.JMeterThread: Thread is done: Thread Group 1-5
2023-10-26 11:16:15,503 INFO o.a.j.t.JMeterThread: Thread finished: Thread Group 1-5
2023-10-26 11:16:15,601 INFO o.a.j.t.JMeterThread: Thread is done: Thread Group 1-6
2023-10-26 11:16:15,602 INFO o.a.j.t.JMeterThread: Thread finished: Thread Group 1-6
2023-10-26 11:16:15,655 INFO o.a.j.t.JMeterThread: Thread is done: Thread Group 1-7
2023-10-26 11:16:15,655 INFO o.a.j.t.JMeterThread: Thread finished: Thread Group 1-7
2023-10-26 11:16:15,833 INFO o.a.j.t.JMeterThread: Thread is done: Thread Group 1-8
2023-10-26 11:16:15,833 INFO o.a.j.t.JMeterThread: Thread finished: Thread Group 1-8
2023-10-26 11:16:15,872 INFO o.a.j.t.JMeterThread: Thread is done: Thread Group 1-9
2023-10-26 11:16:15,873 INFO o.a.j.t.JMeterThread: Thread finished: Thread Group 1-9
2023-10-26 11:16:16,010 INFO o.a.j.t.JMeterThread: Thread is done: Thread Group 1-10
2023-10-26 11:16:16,011 INFO o.a.j.t.JMeterThread: Thread finished: Thread Group 1-10
2023-10-26 11:16:16,011 INFO o.a.j.e.StandardJMeterEngine: Notifying test listeners of end of test
2023-10-26 11:16:16,011 INFO o.a.j.g.u.JMeterMenuBar: setRunning(false, *local*)
2023-10-26 11:25:02,836 INFO o.a.j.e.StandardJMeterEngine: Running the test!
2023-10-26 11:25:02,836 INFO o.a.j.s.SampleEvent: List of sample_variables: []
2023-10-26 11:25:02,837 INFO o.a.j.g.u.JMeterMenuBar: setRunning(true, *local*)
2023-10-26 11:25:02,911 INFO o.a.j.e.StandardJMeterEngine: Starting ThreadGroup: 1 : Thread Group
2023-10-26 11:25:02,912 INFO o.a.j.e.StandardJMeterEngine: Starting 10 threads for group Thread Group.
2023-10-26 11:25:02,912 INFO o.a.j.e.StandardJMeterEngine: Thread will continue on error
2023-10-26 11:25:02,912 INFO o.a.j.t.ThreadGroup: Starting thread group... number=1 threads=10 ramp-up=1 delayedStart=false
2023-10-26 11:25:02,913 INFO o.a.j.t.JMeterThread: Thread started: Thread Group 1-1
2023-10-26 11:25:02,916 INFO o.a.j.t.ThreadGroup: Started thread group number 1
2023-10-26 11:25:02,916 INFO o.a.j.e.StandardJMeterEngine: All thread groups have been started
2023-10-26 11:25:03,012 INFO o.a.j.t.JMeterThread: Thread started: Thread Group 1-2
2023-10-26 11:25:03,119 INFO o.a.j.t.JMeterThread: Thread started: Thread Group 1-3
2023-10-26 11:25:03,219 INFO o.a.j.t.JMeterThread: Thread started: Thread Group 1-4
2023-10-26 11:25:03,317 INFO o.a.j.t.JMeterThread: Thread started: Thread Group 1-5
2023-10-26 11:25:03,417 INFO o.a.j.t.JMeterThread: Thread started: Thread Group 1-6
2023-10-26 11:25:03,517 INFO o.a.j.t.JMeterThread: Thread started: Thread Group 1-7
2023-10-26 11:25:03,552 INFO o.a.j.t.JMeterThread: Thread is done: Thread Group 1-1
2023-10-26 11:25:03,552 INFO o.a.j.t.JMeterThread: Thread finished: Thread Group 1-1
2023-10-26 11:25:03,608 INFO o.a.j.t.JMeterThread: Thread is done: Thread Group 1-2
2023-10-26 11:25:03,608 INFO o.a.j.t.JMeterThread: Thread finished: Thread Group 1-2
2023-10-26 11:25:03,618 INFO o.a.j.t.JMeterThread: Thread started: Thread Group 1-8
2023-10-26 11:25:03,657 INFO o.a.j.t.JMeterThread: Thread is done: Thread Group 1-3
2023-10-26 11:25:03,657 INFO o.a.j.t.JMeterThread: Thread finished: Thread Group 1-3
2023-10-26 11:25:03,718 INFO o.a.j.t.JMeterThread: Thread started: Thread Group 1-9
2023-10-26 11:25:03,777 INFO o.a.j.t.JMeterThread: Thread is done: Thread Group 1-4
2023-10-26 11:25:03,777 INFO o.a.j.t.JMeterThread: Thread finished: Thread Group 1-4
2023-10-26 11:25:03,817 INFO o.a.j.t.JMeterThread: Thread started: Thread Group 1-10
2023-10-26 11:25:03,849 INFO o.a.j.t.JMeterThread: Thread is done: Thread Group 1-5
2023-10-26 11:25:03,850 INFO o.a.j.t.JMeterThread: Thread finished: Thread Group 1-5
2023-10-26 11:25:03,946 INFO o.a.j.t.JMeterThread: Thread is done: Thread Group 1-6
2023-10-26 11:25:03,946 INFO o.a.j.t.JMeterThread: Thread finished: Thread Group 1-6
2023-10-26 11:25:04,036 INFO o.a.j.t.JMeterThread: Thread is done: Thread Group 1-7
2023-10-26 11:25:04,036 INFO o.a.j.t.JMeterThread: Thread finished: Thread Group 1-7
2023-10-26 11:25:04,194 INFO o.a.j.t.JMeterThread: Thread is done: Thread Group 1-8
2023-10-26 11:25:04,194 INFO o.a.j.t.JMeterThread: Thread finished: Thread Group 1-8
2023-10-26 11:25:04,263 INFO o.a.j.t.JMeterThread: Thread is done: Thread Group 1-9
2023-10-26 11:25:04,263 INFO o.a.j.t.JMeterThread: Thread finished: Thread Group 1-9
2023-10-26 11:25:04,390 INFO o.a.j.t.JMeterThread: Thread is done: Thread Group 1-10
2023-10-26 11:25:04,390 INFO o.a.j.t.JMeterThread: Thread finished: Thread Group 1-10
2023-10-26 11:25:04,391 INFO o.a.j.e.StandardJMeterEngine: Notifying test listeners of end of test
2023-10-26 11:25:04,391 INFO o.a.j.g.u.JMeterMenuBar: setRunning(false, *local*)
2023-10-26 11:33:05,410 INFO o.a.j.e.StandardJMeterEngine: Running the test!
2023-10-26 11:33:05,410 INFO o.a.j.s.SampleEvent: List of sample_variables: []
2023-10-26 11:33:05,411 INFO o.a.j.g.u.JMeterMenuBar: setRunning(true, *local*)
2023-10-26 11:33:05,500 INFO o.a.j.e.StandardJMeterEngine: Starting ThreadGroup: 1 : Thread Group
2023-10-26 11:33:05,500 INFO o.a.j.e.StandardJMeterEngine: Starting 10 threads for group Thread Group.
2023-10-26 11:33:05,500 INFO o.a.j.e.StandardJMeterEngine: Thread will continue on error
2023-10-26 11:33:05,500 INFO o.a.j.t.ThreadGroup: Starting thread group... number=1 threads=10 ramp-up=1 delayedStart=false
2023-10-26 11:33:05,504 INFO o.a.j.t.ThreadGroup: Started thread group number 1
2023-10-26 11:33:05,504 INFO o.a.j.e.StandardJMeterEngine: All thread groups have been started
2023-10-26 11:33:05,507 INFO o.a.j.t.JMeterThread: Thread started: Thread Group 1-1
2023-10-26 11:33:05,600 INFO o.a.j.t.JMeterThread: Thread started: Thread Group 1-2
2023-10-26 11:33:05,708 INFO o.a.j.t.JMeterThread: Thread started: Thread Group 1-3
2023-10-26 11:33:05,802 INFO o.a.j.t.JMeterThread: Thread started: Thread Group 1-4
2023-10-26 11:33:05,911 INFO o.a.j.t.JMeterThread: Thread started: Thread Group 1-5
2023-10-26 11:33:06,012 INFO o.a.j.t.JMeterThread: Thread started: Thread Group 1-6
2023-10-26 11:33:06,103 INFO o.a.j.t.JMeterThread: Thread started: Thread Group 1-7
2023-10-26 11:33:06,120 INFO o.a.j.t.JMeterThread: Thread is done: Thread Group 1-1
2023-10-26 11:33:06,120 INFO o.a.j.t.JMeterThread: Thread finished: Thread Group 1-1
2023-10-26 11:33:06,156 INFO o.a.j.t.JMeterThread: Thread is done: Thread Group 1-2
2023-10-26 11:33:06,156 INFO o.a.j.t.JMeterThread: Thread finished: Thread Group 1-2
2023-10-26 11:33:06,211 INFO o.a.j.t.JMeterThread: Thread started: Thread Group 1-8
2023-10-26 11:33:06,247 INFO o.a.j.t.JMeterThread: Thread is done: Thread Group 1-3
2023-10-26 11:33:06,248 INFO o.a.j.t.JMeterThread: Thread finished: Thread Group 1-3
2023-10-26 11:33:06,312 INFO o.a.j.t.JMeterThread: Thread started: Thread Group 1-9
2023-10-26 11:33:06,369 INFO o.a.j.t.JMeterThread: Thread is done: Thread Group 1-4
2023-10-26 11:33:06,370 INFO o.a.j.t.JMeterThread: Thread finished: Thread Group 1-4
2023-10-26 11:33:06,410 INFO o.a.j.t.JMeterThread: Thread started: Thread Group 1-10
2023-10-26 11:33:06,452 INFO o.a.j.t.JMeterThread: Thread is done: Thread Group 1-5
2023-10-26 11:33:06,453 INFO o.a.j.t.JMeterThread: Thread finished: Thread Group 1-5
2023-10-26 11:33:06,555 INFO o.a.j.t.JMeterThread: Thread is done: Thread Group 1-6
2023-10-26 11:33:06,555 INFO o.a.j.t.JMeterThread: Thread finished: Thread Group 1-6
2023-10-26 11:33:06,665 INFO o.a.j.t.JMeterThread: Thread is done: Thread Group 1-7
2023-10-26 11:33:06,665 INFO o.a.j.t.JMeterThread: Thread finished: Thread Group 1-7
2023-10-26 11:33:06,770 INFO o.a.j.t.JMeterThread: Thread is done: Thread Group 1-8
2023-10-26 11:33:06,770 INFO o.a.j.t.JMeterThread: Thread finished: Thread Group 1-8
2023-10-26 11:33:06,895 INFO o.a.j.t.JMeterThread: Thread is done: Thread Group 1-9
2023-10-26 11:33:06,895 INFO o.a.j.t.JMeterThread: Thread finished: Thread Group 1-9
2023-10-26 11:33:06,947 INFO o.a.j.t.JMeterThread: Thread is done: Thread Group 1-10
2023-10-26 11:33:06,948 INFO o.a.j.t.JMeterThread: Thread finished: Thread Group 1-10
2023-10-26 11:33:06,948 INFO o.a.j.e.StandardJMeterEngine: Notifying test listeners of end of test
2023-10-26 11:33:06,949 INFO o.a.j.g.u.JMeterMenuBar: setRunning(false, *local*)
2023-10-26 11:37:29,405 INFO o.a.j.e.StandardJMeterEngine: Running the test!
2023-10-26 11:37:29,406 INFO o.a.j.s.SampleEvent: List of sample_variables: []
2023-10-26 11:37:29,408 INFO o.a.j.g.u.JMeterMenuBar: setRunning(true, *local*)
2023-10-26 11:37:29,500 INFO o.a.j.e.StandardJMeterEngine: Starting ThreadGroup: 1 : Thread Group
2023-10-26 11:37:29,500 INFO o.a.j.e.StandardJMeterEngine: Starting 10 threads for group Thread Group.
2023-10-26 11:37:29,500 INFO o.a.j.e.StandardJMeterEngine: Thread will continue on error
2023-10-26 11:37:29,500 INFO o.a.j.t.ThreadGroup: Starting thread group... number=1 threads=10 ramp-up=1 delayedStart=false
2023-10-26 11:37:29,505 INFO o.a.j.t.ThreadGroup: Started thread group number 1
2023-10-26 11:37:29,505 INFO o.a.j.e.StandardJMeterEngine: All thread groups have been started
2023-10-26 11:37:29,506 INFO o.a.j.t.JMeterThread: Thread started: Thread Group 1-1
2023-10-26 11:37:29,605 INFO o.a.j.t.JMeterThread: Thread started: Thread Group 1-2
2023-10-26 11:37:29,710 INFO o.a.j.t.JMeterThread: Thread started: Thread Group 1-3
2023-10-26 11:37:29,810 INFO o.a.j.t.JMeterThread: Thread started: Thread Group 1-4
2023-10-26 11:37:29,908 INFO o.a.j.t.JMeterThread: Thread started: Thread Group 1-5
2023-10-26 11:37:30,008 INFO o.a.j.t.JMeterThread: Thread started: Thread Group 1-6
2023-10-26 11:37:30,108 INFO o.a.j.t.JMeterThread: Thread started: Thread Group 1-7
2023-10-26 11:37:30,207 INFO o.a.j.t.JMeterThread: Thread started: Thread Group 1-8
2023-10-26 11:37:30,301 INFO o.a.j.t.JMeterThread: Thread started: Thread Group 1-9
2023-10-26 11:37:30,406 INFO o.a.j.t.JMeterThread: Thread started: Thread Group 1-10
2023-10-26 11:37:30,485 INFO o.a.j.t.JMeterThread: Thread is done: Thread Group 1-1
2023-10-26 11:37:30,485 INFO o.a.j.t.JMeterThread: Thread finished: Thread Group 1-1
2023-10-26 11:37:30,549 INFO o.a.j.t.JMeterThread: Thread is done: Thread Group 1-2
2023-10-26 11:37:30,549 INFO o.a.j.t.JMeterThread: Thread finished: Thread Group 1-2
2023-10-26 11:37:30,618 INFO o.a.j.t.JMeterThread: Thread is done: Thread Group 1-3
2023-10-26 11:37:30,618 INFO o.a.j.t.JMeterThread: Thread finished: Thread Group 1-3
2023-10-26 11:37:30,726 INFO o.a.j.t.JMeterThread: Thread is done: Thread Group 1-4
2023-10-26 11:37:30,727 INFO o.a.j.t.JMeterThread: Thread finished: Thread Group 1-4
2023-10-26 11:37:30,864 INFO o.a.j.t.JMeterThread: Thread is done: Thread Group 1-5
2023-10-26 11:37:30,865 INFO o.a.j.t.JMeterThread: Thread finished: Thread Group 1-5
2023-10-26 11:37:30,977 INFO o.a.j.t.JMeterThread: Thread is done: Thread Group 1-6
2023-10-26 11:37:30,977 INFO o.a.j.t.JMeterThread: Thread finished: Thread Group 1-6
2023-10-26 11:37:31,015 INFO o.a.j.t.JMeterThread: Thread is done: Thread Group 1-7
2023-10-26 11:37:31,016 INFO o.a.j.t.JMeterThread: Thread finished: Thread Group 1-7
2023-10-26 11:37:31,114 INFO o.a.j.t.JMeterThread: Thread is done: Thread Group 1-8
2023-10-26 11:37:31,114 INFO o.a.j.t.JMeterThread: Thread finished: Thread Group 1-8
2023-10-26 11:37:31,257 INFO o.a.j.t.JMeterThread: Thread is done: Thread Group 1-9
2023-10-26 11:37:31,258 INFO o.a.j.t.JMeterThread: Thread finished: Thread Group 1-9
2023-10-26 11:37:31,406 INFO o.a.j.t.JMeterThread: Thread is done: Thread Group 1-10
2023-10-26 11:37:31,406 INFO o.a.j.t.JMeterThread: Thread finished: Thread Group 1-10
2023-10-26 11:37:31,407 INFO o.a.j.e.StandardJMeterEngine: Notifying test listeners of end of test
2023-10-26 11:37:31,407 INFO o.a.j.g.u.JMeterMenuBar: setRunning(false, *local*)
2023-10-26 11:37:49,264 INFO o.a.j.e.StandardJMeterEngine: Running the test!
2023-10-26 11:37:49,265 INFO o.a.j.s.SampleEvent: List of sample_variables: []
2023-10-26 11:37:49,266 INFO o.a.j.g.u.JMeterMenuBar: setRunning(true, *local*)
2023-10-26 11:37:49,270 INFO o.a.j.e.StandardJMeterEngine: Starting ThreadGroup: 1 : Thread Group
2023-10-26 11:37:49,270 INFO o.a.j.e.StandardJMeterEngine: Starting 10 threads for group Thread Group.
2023-10-26 11:37:49,270 INFO o.a.j.e.StandardJMeterEngine: Thread will continue on error
2023-10-26 11:37:49,270 INFO o.a.j.t.ThreadGroup: Starting thread group... number=1 threads=10 ramp-up=1 delayedStart=false
2023-10-26 11:37:49,274 INFO o.a.j.t.JMeterThread: Thread started: Thread Group 1-1
2023-10-26 11:37:49,275 INFO o.a.j.t.ThreadGroup: Started thread group number 1
2023-10-26 11:37:49,275 INFO o.a.j.e.StandardJMeterEngine: All thread groups have been started
2023-10-26 11:37:49,377 INFO o.a.j.t.JMeterThread: Thread started: Thread Group 1-2
2023-10-26 11:37:49,477 INFO o.a.j.t.JMeterThread: Thread started: Thread Group 1-3
2023-10-26 11:37:49,577 INFO o.a.j.t.JMeterThread: Thread started: Thread Group 1-4
2023-10-26 11:37:49,678 INFO o.a.j.t.JMeterThread: Thread started: Thread Group 1-5
2023-10-26 11:37:49,778 INFO o.a.j.t.JMeterThread: Thread started: Thread Group 1-6
2023-10-26 11:37:49,877 INFO o.a.j.t.JMeterThread: Thread started: Thread Group 1-7
2023-10-26 11:37:49,976 INFO o.a.j.t.JMeterThread: Thread started: Thread Group 1-8
2023-10-26 11:37:50,076 INFO o.a.j.t.JMeterThread: Thread started: Thread Group 1-9
2023-10-26 11:37:50,177 INFO o.a.j.t.JMeterThread: Thread started: Thread Group 1-10
2023-10-26 11:37:50,197 INFO o.a.j.t.JMeterThread: Thread is done: Thread Group 1-1
2023-10-26 11:37:50,197 INFO o.a.j.t.JMeterThread: Thread finished: Thread Group 1-1
2023-10-26 11:37:50,428 INFO o.a.j.t.JMeterThread: Thread is done: Thread Group 1-3
2023-10-26 11:37:50,428 INFO o.a.j.t.JMeterThread: Thread finished: Thread Group 1-3
2023-10-26 11:37:50,478 INFO o.a.j.t.JMeterThread: Thread is done: Thread Group 1-2
2023-10-26 11:37:50,478 INFO o.a.j.t.JMeterThread: Thread finished: Thread Group 1-2
2023-10-26 11:37:50,538 INFO o.a.j.t.JMeterThread: Thread is done: Thread Group 1-4
2023-10-26 11:37:50,538 INFO o.a.j.t.JMeterThread: Thread finished: Thread Group 1-4
2023-10-26 11:37:50,597 INFO o.a.j.t.JMeterThread: Thread is done: Thread Group 1-5
2023-10-26 11:37:50,597 INFO o.a.j.t.JMeterThread: Thread finished: Thread Group 1-5
2023-10-26 11:37:50,717 INFO o.a.j.t.JMeterThread: Thread is done: Thread Group 1-6
2023-10-26 11:37:50,717 INFO o.a.j.t.JMeterThread: Thread finished: Thread Group 1-6
2023-10-26 11:37:50,811 INFO o.a.j.t.JMeterThread: Thread is done: Thread Group 1-7
2023-10-26 11:37:50,811 INFO o.a.j.t.JMeterThread: Thread finished: Thread Group 1-7
2023-10-26 11:37:50,883 INFO o.a.j.t.JMeterThread: Thread is done: Thread Group 1-8
2023-10-26 11:37:50,883 INFO o.a.j.t.JMeterThread: Thread finished: Thread Group 1-8
2023-10-26 11:37:51,026 INFO o.a.j.t.JMeterThread: Thread is done: Thread Group 1-9
2023-10-26 11:37:51,026 INFO o.a.j.t.JMeterThread: Thread finished: Thread Group 1-9
2023-10-26 11:37:51,075 INFO o.a.j.t.JMeterThread: Thread is done: Thread Group 1-10
2023-10-26 11:37:51,076 INFO o.a.j.t.JMeterThread: Thread finished: Thread Group 1-10
2023-10-26 11:37:51,076 INFO o.a.j.e.StandardJMeterEngine: Notifying test listeners of end of test
2023-10-26 11:37:51,076 INFO o.a.j.g.u.JMeterMenuBar: setRunning(false, *local*)
2023-10-26 11:41:33,284 INFO o.a.j.e.StandardJMeterEngine: Running the test!
2023-10-26 11:41:33,284 INFO o.a.j.s.SampleEvent: List of sample_variables: []
2023-10-26 11:41:33,285 INFO o.a.j.g.u.JMeterMenuBar: setRunning(true, *local*)
2023-10-26 11:41:33,293 INFO o.a.j.e.StandardJMeterEngine: Starting ThreadGroup: 1 : Thread Group
2023-10-26 11:41:33,294 INFO o.a.j.e.StandardJMeterEngine: Starting 10 threads for group Thread Group.
2023-10-26 11:41:33,294 INFO o.a.j.e.StandardJMeterEngine: Thread will continue on error
2023-10-26 11:41:33,294 INFO o.a.j.t.ThreadGroup: Starting thread group... number=1 threads=10 ramp-up=1 delayedStart=false
2023-10-26 11:41:33,295 INFO o.a.j.t.JMeterThread: Thread started: Thread Group 1-1
2023-10-26 11:41:33,299 INFO o.a.j.t.ThreadGroup: Started thread group number 1
2023-10-26 11:41:33,299 INFO o.a.j.e.StandardJMeterEngine: All thread groups have been started
2023-10-26 11:41:33,403 INFO o.a.j.t.JMeterThread: Thread started: Thread Group 1-2
2023-10-26 11:41:33,500 INFO o.a.j.t.JMeterThread: Thread started: Thread Group 1-3
2023-10-26 11:41:33,601 INFO o.a.j.t.JMeterThread: Thread started: Thread Group 1-4
2023-10-26 11:41:33,700 INFO o.a.j.t.JMeterThread: Thread started: Thread Group 1-5
2023-10-26 11:41:33,801 INFO o.a.j.t.JMeterThread: Thread started: Thread Group 1-6
2023-10-26 11:41:33,901 INFO o.a.j.t.JMeterThread: Thread started: Thread Group 1-7
2023-10-26 11:41:34,001 INFO o.a.j.t.JMeterThread: Thread started: Thread Group 1-8
2023-10-26 11:41:34,101 INFO o.a.j.t.JMeterThread: Thread started: Thread Group 1-9
2023-10-26 11:41:34,201 INFO o.a.j.t.JMeterThread: Thread started: Thread Group 1-10
2023-10-26 11:41:34,828 INFO o.a.j.t.JMeterThread: Thread is done: Thread Group 1-2
2023-10-26 11:41:34,828 INFO o.a.j.t.JMeterThread: Thread finished: Thread Group 1-2
2023-10-26 11:41:34,849 INFO o.a.j.t.JMeterThread: Thread is done: Thread Group 1-1
2023-10-26 11:41:34,849 INFO o.a.j.t.JMeterThread: Thread finished: Thread Group 1-1
2023-10-26 11:41:34,913 INFO o.a.j.t.JMeterThread: Thread is done: Thread Group 1-3
2023-10-26 11:41:34,914 INFO o.a.j.t.JMeterThread: Thread finished: Thread Group 1-3
2023-10-26 11:41:34,915 INFO o.a.j.t.JMeterThread: Thread is done: Thread Group 1-4
2023-10-26 11:41:34,915 INFO o.a.j.t.JMeterThread: Thread finished: Thread Group 1-4
2023-10-26 11:41:35,043 INFO o.a.j.t.JMeterThread: Thread is done: Thread Group 1-5
2023-10-26 11:41:35,043 INFO o.a.j.t.JMeterThread: Thread finished: Thread Group 1-5
2023-10-26 11:41:35,115 INFO o.a.j.t.JMeterThread: Thread is done: Thread Group 1-6
2023-10-26 11:41:35,115 INFO o.a.j.t.JMeterThread: Thread finished: Thread Group 1-6
2023-10-26 11:41:35,208 INFO o.a.j.t.JMeterThread: Thread is done: Thread Group 1-7
2023-10-26 11:41:35,208 INFO o.a.j.t.JMeterThread: Thread finished: Thread Group 1-7
2023-10-26 11:41:35,365 INFO o.a.j.t.JMeterThread: Thread is done: Thread Group 1-8
2023-10-26 11:41:35,365 INFO o.a.j.t.JMeterThread: Thread finished: Thread Group 1-8
2023-10-26 11:41:35,408 INFO o.a.j.t.JMeterThread: Thread is done: Thread Group 1-9
2023-10-26 11:41:35,408 INFO o.a.j.t.JMeterThread: Thread finished: Thread Group 1-9
2023-10-26 11:41:35,532 INFO o.a.j.t.JMeterThread: Thread is done: Thread Group 1-10
2023-10-26 11:41:35,532 INFO o.a.j.t.JMeterThread: Thread finished: Thread Group 1-10
2023-10-26 11:41:35,533 INFO o.a.j.e.StandardJMeterEngine: Notifying test listeners of end of test
2023-10-26 11:41:35,533 INFO o.a.j.g.u.JMeterMenuBar: setRunning(false, *local*)
2023-10-26 11:42:41,367 INFO o.a.j.g.a.Load: Loading file: C:\apache-jmeter-5.6.2\bin\Test.jmx
2023-10-26 11:42:41,369 INFO o.a.j.s.FileServer: Set new base='C:\apache-jmeter-5.6.2\bin'
2023-10-26 11:42:41,369 INFO o.a.j.s.SaveService: Loading file: C:\apache-jmeter-5.6.2\bin\Test.jmx
2023-10-26 11:42:41,571 INFO o.a.j.s.FileServer: Set new base='C:\apache-jmeter-5.6.2\bin'
2023-10-26 11:43:23,576 INFO o.a.j.e.StandardJMeterEngine: Running the test!
2023-10-26 11:43:23,576 INFO o.a.j.s.SampleEvent: List of sample_variables: []
2023-10-26 11:43:23,577 INFO o.a.j.g.u.JMeterMenuBar: setRunning(true, *local*)
2023-10-26 11:43:23,668 INFO o.a.j.e.StandardJMeterEngine: Starting ThreadGroup: 1 : PromiseQ
2023-10-26 11:43:23,668 INFO o.a.j.e.StandardJMeterEngine: Starting 1 threads for group PromiseQ.
2023-10-26 11:43:23,668 INFO o.a.j.e.StandardJMeterEngine: Thread will continue on error
2023-10-26 11:43:23,668 INFO o.a.j.t.ThreadGroup: Starting thread group... number=1 threads=1 ramp-up=1 delayedStart=false
2023-10-26 11:43:23,669 INFO o.a.j.t.ThreadGroup: Started thread group number 1
2023-10-26 11:43:23,669 INFO o.a.j.e.StandardJMeterEngine: All thread groups have been started
2023-10-26 11:43:23,670 INFO o.a.j.t.JMeterThread: Thread started: PromiseQ 1-1
2023-10-26 11:43:29,172 INFO o.a.j.t.JMeterThread: Thread is done: PromiseQ 1-1
2023-10-26 11:43:29,173 INFO o.a.j.t.JMeterThread: Thread finished: PromiseQ 1-1
2023-10-26 11:43:29,173 INFO o.a.j.e.StandardJMeterEngine: Notifying test listeners of end of test
2023-10-26 11:43:29,174 INFO o.a.j.g.u.JMeterMenuBar: setRunning(false, *local*)
2023-10-26 11:44:27,678 INFO o.a.j.e.StandardJMeterEngine: Running the test!
2023-10-26 11:44:27,679 INFO o.a.j.s.SampleEvent: List of sample_variables: []
2023-10-26 11:44:27,679 INFO o.a.j.g.u.JMeterMenuBar: setRunning(true, *local*)
2023-10-26 11:44:27,785 INFO o.a.j.e.StandardJMeterEngine: Starting ThreadGroup: 1 : PromiseQ
2023-10-26 11:44:27,785 INFO o.a.j.e.StandardJMeterEngine: Starting 1 threads for group PromiseQ.
2023-10-26 11:44:27,785 INFO o.a.j.e.StandardJMeterEngine: Thread will continue on error
2023-10-26 11:44:27,786 INFO o.a.j.t.ThreadGroup: Starting thread group... number=1 threads=1 ramp-up=1 delayedStart=false
2023-10-26 11:44:27,786 INFO o.a.j.t.ThreadGroup: Started thread group number 1
2023-10-26 11:44:27,786 INFO o.a.j.e.StandardJMeterEngine: All thread groups have been started
2023-10-26 11:44:27,787 INFO o.a.j.t.JMeterThread: Thread started: PromiseQ 1-1
2023-10-26 11:44:28,444 INFO o.a.j.t.JMeterThread: Thread is done: PromiseQ 1-1
2023-10-26 11:44:28,444 INFO o.a.j.t.JMeterThread: Thread finished: PromiseQ 1-1
2023-10-26 11:44:28,444 INFO o.a.j.e.StandardJMeterEngine: Notifying test listeners of end of test
2023-10-26 11:44:28,445 INFO o.a.j.g.u.JMeterMenuBar: setRunning(false, *local*)
2023-10-26 11:45:14,282 INFO o.a.j.e.StandardJMeterEngine: Running the test!
2023-10-26 11:45:14,283 INFO o.a.j.s.SampleEvent: List of sample_variables: []
2023-10-26 11:45:14,284 INFO o.a.j.g.u.JMeterMenuBar: setRunning(true, *local*)
2023-10-26 11:45:14,386 INFO o.a.j.e.StandardJMeterEngine: Starting ThreadGroup: 1 : PromiseQ
2023-10-26 11:45:14,386 INFO o.a.j.e.StandardJMeterEngine: Starting 1 threads for group PromiseQ.
2023-10-26 11:45:14,386 INFO o.a.j.e.StandardJMeterEngine: Thread will continue on error
2023-10-26 11:45:14,386 INFO o.a.j.t.ThreadGroup: Starting thread group... number=1 threads=1 ramp-up=1 delayedStart=false
2023-10-26 11:45:14,387 INFO o.a.j.t.ThreadGroup: Started thread group number 1
2023-10-26 11:45:14,387 INFO o.a.j.e.StandardJMeterEngine: All thread groups have been started
2023-10-26 11:45:14,387 INFO o.a.j.t.JMeterThread: Thread started: PromiseQ 1-1
2023-10-26 11:45:15,003 INFO o.a.j.t.JMeterThread: Thread is done: PromiseQ 1-1
2023-10-26 11:45:15,004 INFO o.a.j.t.JMeterThread: Thread finished: PromiseQ 1-1
2023-10-26 11:45:15,004 INFO o.a.j.e.StandardJMeterEngine: Notifying test listeners of end of test
2023-10-26 11:45:15,005 INFO o.a.j.g.u.JMeterMenuBar: setRunning(false, *local*)
2023-10-26 11:46:01,218 INFO o.a.j.e.StandardJMeterEngine: Running the test!
2023-10-26 11:46:01,218 INFO o.a.j.s.SampleEvent: List of sample_variables: []
2023-10-26 11:46:01,221 INFO o.a.j.g.u.JMeterMenuBar: setRunning(true, *local*)
2023-10-26 11:46:01,311 INFO o.a.j.e.StandardJMeterEngine: Starting ThreadGroup: 1 : PromiseQ
2023-10-26 11:46:01,311 INFO o.a.j.e.StandardJMeterEngine: Starting 1 threads for group PromiseQ.
2023-10-26 11:46:01,311 INFO o.a.j.e.StandardJMeterEngine: Thread will continue on error
2023-10-26 11:46:01,311 INFO o.a.j.t.ThreadGroup: Starting thread group... number=1 threads=1 ramp-up=1 delayedStart=false
2023-10-26 11:46:01,312 INFO o.a.j.t.ThreadGroup: Started thread group number 1
2023-10-26 11:46:01,312 INFO o.a.j.e.StandardJMeterEngine: All thread groups have been started
2023-10-26 11:46:01,312 INFO o.a.j.t.JMeterThread: Thread started: PromiseQ 1-1
2023-10-26 11:46:01,946 INFO o.a.j.t.JMeterThread: Thread is done: PromiseQ 1-1
2023-10-26 11:46:01,946 INFO o.a.j.t.JMeterThread: Thread finished: PromiseQ 1-1
2023-10-26 11:46:01,946 INFO o.a.j.e.StandardJMeterEngine: Notifying test listeners of end of test
2023-10-26 11:46:01,946 INFO o.a.j.g.u.JMeterMenuBar: setRunning(false, *local*)
2023-10-26 11:46:29,630 INFO o.a.j.e.StandardJMeterEngine: Running the test!
2023-10-26 11:46:29,630 INFO o.a.j.s.SampleEvent: List of sample_variables: []
2023-10-26 11:46:29,630 INFO o.a.j.g.u.JMeterMenuBar: setRunning(true, *local*)
2023-10-26 11:46:29,719 INFO o.a.j.e.StandardJMeterEngine: Starting ThreadGroup: 1 : PromiseQ
2023-10-26 11:46:29,719 INFO o.a.j.e.StandardJMeterEngine: Starting 1 threads for group PromiseQ.
2023-10-26 11:46:29,719 INFO o.a.j.e.StandardJMeterEngine: Thread will continue on error
2023-10-26 11:46:29,720 INFO o.a.j.t.ThreadGroup: Starting thread group... number=1 threads=1 ramp-up=1 delayedStart=false
2023-10-26 11:46:29,720 INFO o.a.j.t.ThreadGroup: Started thread group number 1
2023-10-26 11:46:29,720 INFO o.a.j.e.StandardJMeterEngine: All thread groups have been started
2023-10-26 11:46:29,720 INFO o.a.j.t.JMeterThread: Thread started: PromiseQ 1-1
2023-10-26 11:46:30,360 INFO o.a.j.t.JMeterThread: Thread is done: PromiseQ 1-1
2023-10-26 11:46:30,360 INFO o.a.j.t.JMeterThread: Thread finished: PromiseQ 1-1
2023-10-26 11:46:30,360 INFO o.a.j.e.StandardJMeterEngine: Notifying test listeners of end of test
2023-10-26 11:46:30,361 INFO o.a.j.g.u.JMeterMenuBar: setRunning(false, *local*)
2023-10-26 13:07:34,595 INFO o.a.j.e.StandardJMeterEngine: Running the test!
2023-10-26 13:07:34,623 INFO o.a.j.s.SampleEvent: List of sample_variables: []
2023-10-26 13:07:34,631 INFO o.a.j.g.u.JMeterMenuBar: setRunning(true, *local*)
2023-10-26 13:07:35,075 INFO o.a.j.e.StandardJMeterEngine: Starting ThreadGroup: 1 : PromiseQ
2023-10-26 13:07:35,075 INFO o.a.j.e.StandardJMeterEngine: Starting 1 threads for group PromiseQ.
2023-10-26 13:07:35,075 INFO o.a.j.e.StandardJMeterEngine: Thread will continue on error
2023-10-26 13:07:35,076 INFO o.a.j.t.ThreadGroup: Starting thread group... number=1 threads=1 ramp-up=1 delayedStart=false
2023-10-26 13:07:35,078 INFO o.a.j.t.ThreadGroup: Started thread group number 1
2023-10-26 13:07:35,078 INFO o.a.j.e.StandardJMeterEngine: All thread groups have been started
2023-10-26 13:07:35,078 INFO o.a.j.t.JMeterThread: Thread started: PromiseQ 1-1
2023-10-26 13:07:35,873 INFO o.a.j.t.JMeterThread: Thread is done: PromiseQ 1-1
2023-10-26 13:07:35,873 INFO o.a.j.t.JMeterThread: Thread finished: PromiseQ 1-1
2023-10-26 13:07:35,874 INFO o.a.j.e.StandardJMeterEngine: Notifying test listeners of end of test
2023-10-26 13:07:35,874 INFO o.a.j.g.u.JMeterMenuBar: setRunning(false, *local*)
2023-10-26 13:08:08,473 INFO o.a.j.e.StandardJMeterEngine: Running the test!
2023-10-26 13:08:08,474 INFO o.a.j.s.SampleEvent: List of sample_variables: []
2023-10-26 13:08:08,474 INFO o.a.j.g.u.JMeterMenuBar: setRunning(true, *local*)
2023-10-26 13:08:08,576 INFO o.a.j.e.StandardJMeterEngine: Starting ThreadGroup: 1 : PromiseQ
2023-10-26 13:08:08,576 INFO o.a.j.e.StandardJMeterEngine: Starting 1 threads for group PromiseQ.
2023-10-26 13:08:08,576 INFO o.a.j.e.StandardJMeterEngine: Thread will continue on error
2023-10-26 13:08:08,576 INFO o.a.j.t.ThreadGroup: Starting thread group... number=1 threads=1 ramp-up=1 delayedStart=false
2023-10-26 13:08:08,577 INFO o.a.j.t.ThreadGroup: Started thread group number 1
2023-10-26 13:08:08,577 INFO o.a.j.e.StandardJMeterEngine: All thread groups have been started
2023-10-26 13:08:08,577 INFO o.a.j.t.JMeterThread: Thread started: PromiseQ 1-1
2023-10-26 13:08:09,258 INFO o.a.j.t.JMeterThread: Thread is done: PromiseQ 1-1
2023-10-26 13:08:09,258 INFO o.a.j.t.JMeterThread: Thread finished: PromiseQ 1-1
2023-10-26 13:08:09,260 INFO o.a.j.e.StandardJMeterEngine: Notifying test listeners of end of test
2023-10-26 13:08:09,260 INFO o.a.j.g.u.JMeterMenuBar: setRunning(false, *local*)
2023-10-26 13:08:29,386 INFO o.a.j.e.StandardJMeterEngine: Running the test!
2023-10-26 13:08:29,386 INFO o.a.j.s.SampleEvent: List of sample_variables: []
2023-10-26 13:08:29,388 INFO o.a.j.g.u.JMeterMenuBar: setRunning(true, *local*)
2023-10-26 13:08:29,487 INFO o.a.j.e.StandardJMeterEngine: Starting ThreadGroup: 1 : PromiseQ
2023-10-26 13:08:29,487 INFO o.a.j.e.StandardJMeterEngine: Starting 1 threads for group PromiseQ.
2023-10-26 13:08:29,487 INFO o.a.j.e.StandardJMeterEngine: Thread will continue on error
2023-10-26 13:08:29,487 INFO o.a.j.t.ThreadGroup: Starting thread group... number=1 threads=1 ramp-up=1 delayedStart=false
2023-10-26 13:08:29,488 INFO o.a.j.t.ThreadGroup: Started thread group number 1
2023-10-26 13:08:29,488 INFO o.a.j.e.StandardJMeterEngine: All thread groups have been started
2023-10-26 13:08:29,488 INFO o.a.j.t.JMeterThread: Thread started: PromiseQ 1-1
2023-10-26 13:08:35,369 INFO o.a.j.t.JMeterThread: Thread is done: PromiseQ 1-1
2023-10-26 13:08:35,369 INFO o.a.j.t.JMeterThread: Thread finished: PromiseQ 1-1
2023-10-26 13:08:35,371 INFO o.a.j.e.StandardJMeterEngine: Notifying test listeners of end of test
2023-10-26 13:08:35,373 INFO o.a.j.g.u.JMeterMenuBar: setRunning(false, *local*)
2023-10-26 13:08:39,612 INFO o.a.j.e.StandardJMeterEngine: Running the test!
2023-10-26 13:08:39,612 INFO o.a.j.s.SampleEvent: List of sample_variables: []
2023-10-26 13:08:39,613 INFO o.a.j.g.u.JMeterMenuBar: setRunning(true, *local*)
2023-10-26 13:08:39,726 INFO o.a.j.e.StandardJMeterEngine: Starting ThreadGroup: 1 : PromiseQ
2023-10-26 13:08:39,726 INFO o.a.j.e.StandardJMeterEngine: Starting 1 threads for group PromiseQ.
2023-10-26 13:08:39,726 INFO o.a.j.e.StandardJMeterEngine: Thread will continue on error
2023-10-26 13:08:39,726 INFO o.a.j.t.ThreadGroup: Starting thread group... number=1 threads=1 ramp-up=1 delayedStart=false
2023-10-26 13:08:39,727 INFO o.a.j.t.ThreadGroup: Started thread group number 1
2023-10-26 13:08:39,727 INFO o.a.j.e.StandardJMeterEngine: All thread groups have been started
2023-10-26 13:08:39,727 INFO o.a.j.t.JMeterThread: Thread started: PromiseQ 1-1
2023-10-26 13:08:40,696 INFO o.a.j.t.JMeterThread: Thread is done: PromiseQ 1-1
2023-10-26 13:08:40,697 INFO o.a.j.t.JMeterThread: Thread finished: PromiseQ 1-1
2023-10-26 13:08:40,699 INFO o.a.j.e.StandardJMeterEngine: Notifying test listeners of end of test
2023-10-26 13:08:40,700 INFO o.a.j.g.u.JMeterMenuBar: setRunning(false, *local*)
